<?xml version="1.0" encoding="UTF-8"?>
<testng-results skipped="0" failed="1" total="2" passed="1">
  <reporter-output>
    <line>
      <![CDATA[Test started running:testRegistraionWithValidData at:16]]>
    </line>
    <line>
      <![CDATA[<a href="C:\Users\Hitendrakumar\git\pageobjectmodel-seleniumFramework//src//test//java//com//companyname//projectname//screenshots//01-20-2018_16-28-testRegistraionWithValidData.png"><img src="file:///C:\Users\Hitendrakumar\git\pageobjectmodel-seleniumFramework//src//test//java//com//companyname//projectname//screenshots//01-20-2018_16-28-testRegistraionWithValidData.png" alt=""height='100' width='100'/> <br />]]>
    </line>
    <line>
      <![CDATA[testRegistraionWithValidData--Test method failed
]]>
    </line>
    <line>
      <![CDATA[<a href='C:\Users\Hitendrakumar\git\pageobjectmodel-seleniumFramework\src\main\java\com\test\automation\uiAutomation\screenshot\blank_20_01_2018_04_35_28.png'> <img src='C:\Users\Hitendrakumar\git\pageobjectmodel-seleniumFramework\src\main\java\com\test\automation\uiAutomation\screenshot\blank_20_01_2018_04_35_28.png' height='100' width='100'/> </a>]]>
    </line>
    <line>
      <![CDATA[Test started running:testRegistraionWithInvalidData at:16]]>
    </line>
  </reporter-output>
  <suite name="Regression Suit" duration-ms="34352" started-at="2018-01-20T21:34:59Z" finished-at="2018-01-20T21:35:33Z">
    <groups>
    </groups>
    <test name="Login test" duration-ms="34352" started-at="2018-01-20T21:34:59Z" finished-at="2018-01-20T21:35:33Z">
      <class name="com.companyname.projectname.testscripts.TC002_testRegistraion">
        <test-method status="PASS" signature="setUP()[pri:0, instance:com.companyname.projectname.testscripts.TC002_testRegistraion@51b7e5df]" name="setUP" is-config="true" duration-ms="14175" started-at="2018-01-20T16:34:59Z" finished-at="2018-01-20T16:35:13Z">
          <reporter-output>
          </reporter-output>
        </test-method> <!-- setUP -->
        <test-method status="PASS" signature="beforeMethod(java.lang.reflect.Method)[pri:0, instance:com.companyname.projectname.testscripts.TC002_testRegistraion@51b7e5df]" name="beforeMethod" is-config="true" duration-ms="4" started-at="2018-01-20T16:35:13Z" finished-at="2018-01-20T16:35:13Z">
          <params>
            <param index="0">
              <value>
                <![CDATA[public void com.companyname.projectname.testscripts.TC002_testRegistraion.testRegistraionWithValidData() throws java.lang.InterruptedException]]>
              </value>
            </param>
          </params>
          <reporter-output>
          </reporter-output>
        </test-method> <!-- beforeMethod -->
        <test-method status="FAIL" signature="testRegistraionWithValidData()[pri:0, instance:com.companyname.projectname.testscripts.TC002_testRegistraion@51b7e5df]" name="testRegistraionWithValidData" duration-ms="14736" started-at="2018-01-20T16:35:13Z" description="Test Registration with valid data" finished-at="2018-01-20T16:35:28Z">
          <exception class="java.lang.AssertionError">
            <message>
              <![CDATA[Registration test is fail expected [true] but found [false]]]>
            </message>
            <full-stacktrace>
              <![CDATA[java.lang.AssertionError: Registration test is fail expected [true] but found [false]
	at org.testng.Assert.fail(Assert.java:94)
	at org.testng.Assert.failNotEquals(Assert.java:494)
	at org.testng.Assert.assertTrue(Assert.java:42)
	at com.companyname.projectname.testscripts.TC002_testRegistraion.testRegistraionWithValidData(TC002_testRegistraion.java:48)
	at sun.reflect.NativeMethodAccessorImpl.invoke0(Native Method)
	at sun.reflect.NativeMethodAccessorImpl.invoke(NativeMethodAccessorImpl.java:62)
	at sun.reflect.DelegatingMethodAccessorImpl.invoke(DelegatingMethodAccessorImpl.java:43)
	at java.lang.reflect.Method.invoke(Method.java:497)
	at org.testng.internal.MethodInvocationHelper.invokeMethod(MethodInvocationHelper.java:80)
	at org.testng.internal.Invoker.invokeMethod(Invoker.java:714)
	at org.testng.internal.Invoker.invokeTestMethod(Invoker.java:901)
	at org.testng.internal.Invoker.invokeTestMethods(Invoker.java:1231)
	at org.testng.internal.TestMethodWorker.invokeTestMethods(TestMethodWorker.java:127)
	at org.testng.internal.TestMethodWorker.run(TestMethodWorker.java:111)
	at org.testng.TestRunner.privateRun(TestRunner.java:767)
	at org.testng.TestRunner.run(TestRunner.java:617)
	at org.testng.SuiteRunner.runTest(SuiteRunner.java:334)
	at org.testng.SuiteRunner.runSequentially(SuiteRunner.java:329)
	at org.testng.SuiteRunner.privateRun(SuiteRunner.java:291)
	at org.testng.SuiteRunner.run(SuiteRunner.java:240)
	at org.testng.SuiteRunnerWorker.runSuite(SuiteRunnerWorker.java:52)
	at org.testng.SuiteRunnerWorker.run(SuiteRunnerWorker.java:86)
	at org.testng.TestNG.runSuitesSequentially(TestNG.java:1198)
	at org.testng.TestNG.runSuitesLocally(TestNG.java:1123)
	at org.testng.TestNG.run(TestNG.java:1031)
	at org.testng.remote.AbstractRemoteTestNG.run(AbstractRemoteTestNG.java:132)
	at org.testng.remote.RemoteTestNG.initAndRun(RemoteTestNG.java:230)
	at org.testng.remote.RemoteTestNG.main(RemoteTestNG.java:76)
]]>
            </full-stacktrace>
          </exception> <!-- java.lang.AssertionError -->
          <reporter-output>
            <line>
              <![CDATA[<a href="C:\Users\Hitendrakumar\git\pageobjectmodel-seleniumFramework//src//test//java//com//companyname//projectname//screenshots//01-20-2018_16-28-testRegistraionWithValidData.png"><img src="file:///C:\Users\Hitendrakumar\git\pageobjectmodel-seleniumFramework//src//test//java//com//companyname//projectname//screenshots//01-20-2018_16-28-testRegistraionWithValidData.png" alt=""height='100' width='100'/> <br />]]>
            </line>
          </reporter-output>
        </test-method> <!-- testRegistraionWithValidData -->
        <test-method status="PASS" signature="afterMethod(org.testng.ITestResult)[pri:0, instance:com.companyname.projectname.testscripts.TC002_testRegistraion@51b7e5df]" name="afterMethod" is-config="true" duration-ms="284" started-at="2018-01-20T16:35:28Z" finished-at="2018-01-20T16:35:28Z">
          <params>
            <param index="0">
              <value>
                <![CDATA[[TestResult name=testRegistraionWithValidData status=FAILURE method=TC002_testRegistraion.testRegistraionWithValidData()[pri:0, instance:com.companyname.projectname.testscripts.TC002_testRegistraion@51b7e5df] output=<a href="C:\Users\Hitendrakumar\git\pageobjectmodel-seleniumFramework//src//test//java//com//companyname//projectname//screenshots//01-20-2018_16-28-testRegistraionWithValidData.png"><img src="file:///C:\Users\Hitendrakumar\git\pageobjectmodel-seleniumFramework//src//test//java//com//companyname//projectname//screenshots//01-20-2018_16-28-testRegistraionWithValidData.png" alt=""height='100' width='100'/> <br />]]]>
              </value>
            </param>
          </params>
          <reporter-output>
            <line>
              <![CDATA[<a href='C:\Users\Hitendrakumar\git\pageobjectmodel-seleniumFramework\src\main\java\com\test\automation\uiAutomation\screenshot\blank_20_01_2018_04_35_28.png'> <img src='C:\Users\Hitendrakumar\git\pageobjectmodel-seleniumFramework\src\main\java\com\test\automation\uiAutomation\screenshot\blank_20_01_2018_04_35_28.png' height='100' width='100'/> </a>]]>
            </line>
          </reporter-output>
        </test-method> <!-- afterMethod -->
        <test-method status="PASS" signature="testRegistraionWithInvalidData()[pri:0, instance:com.companyname.projectname.testscripts.TC002_testRegistraion@51b7e5df]" name="testRegistraionWithInvalidData" duration-ms="4526" started-at="2018-01-20T16:35:28Z" description="Test Registration with invalid data" finished-at="2018-01-20T16:35:33Z">
          <reporter-output>
          </reporter-output>
        </test-method> <!-- testRegistraionWithInvalidData -->
        <test-method status="PASS" signature="beforeMethod(java.lang.reflect.Method)[pri:0, instance:com.companyname.projectname.testscripts.TC002_testRegistraion@51b7e5df]" name="beforeMethod" is-config="true" duration-ms="0" started-at="2018-01-20T16:35:28Z" finished-at="2018-01-20T16:35:28Z">
          <params>
            <param index="0">
              <value>
                <![CDATA[public void com.companyname.projectname.testscripts.TC002_testRegistraion.testRegistraionWithInvalidData() throws java.lang.InterruptedException]]>
              </value>
            </param>
          </params>
          <reporter-output>
          </reporter-output>
        </test-method> <!-- beforeMethod -->
        <test-method status="PASS" signature="afterMethod(org.testng.ITestResult)[pri:0, instance:com.companyname.projectname.testscripts.TC002_testRegistraion@51b7e5df]" name="afterMethod" is-config="true" duration-ms="0" started-at="2018-01-20T16:35:33Z" finished-at="2018-01-20T16:35:33Z">
          <params>
            <param index="0">
              <value>
                <![CDATA[[TestResult name=testRegistraionWithInvalidData status=SUCCESS method=TC002_testRegistraion.testRegistraionWithInvalidData()[pri:0, instance:com.companyname.projectname.testscripts.TC002_testRegistraion@51b7e5df] output={null}]]]>
              </value>
            </param>
          </params>
          <reporter-output>
          </reporter-output>
        </test-method> <!-- afterMethod -->
        <test-method status="PASS" signature="quitBrowser()[pri:0, instance:com.companyname.projectname.testscripts.TC002_testRegistraion@51b7e5df]" name="quitBrowser" is-config="true" duration-ms="225" started-at="2018-01-20T16:35:33Z" finished-at="2018-01-20T16:35:33Z">
          <reporter-output>
          </reporter-output>
        </test-method> <!-- quitBrowser -->
        <test-method status="PASS" signature="endTest()[pri:0, instance:com.companyname.projectname.testscripts.TC002_testRegistraion@51b7e5df]" name="endTest" is-config="true" duration-ms="51" started-at="2018-01-20T16:35:33Z" finished-at="2018-01-20T16:35:33Z">
          <reporter-output>
          </reporter-output>
        </test-method> <!-- endTest -->
      </class> <!-- com.companyname.projectname.testscripts.TC002_testRegistraion -->
    </test> <!-- Login test -->
  </suite> <!-- Regression Suit -->
</testng-results>
