<?xml version="1.0" encoding="UTF-8"?>
<!-- Generated by org.testng.reporters.JUnitXMLReporter -->
<testsuite hostname="Home_PC" name="RegistrationTest" tests="4" failures="4" timestamp="20 Jan 2018 21:26:54 GMT" time="2.202" errors="0">
  <testcase name="testReport1" time="0.003" classname="com.companyname.projectname.testscripts.Test1">
    <failure type="java.io.FileNotFoundException" message="C:\Users\Hitendrakumar\git\pageobjectmodel-seleniumFramework\src\test\java\com\companyname\projectname\report\TestHtmlReport.html (The system cannot find the path specified)">
      <![CDATA[java.io.FileNotFoundException: C:\Users\Hitendrakumar\git\pageobjectmodel-seleniumFramework\src\test\java\com\companyname\projectname\report\TestHtmlReport.html (The system cannot find the path specified)
	at java.io.FileOutputStream.open0(Native Method)
	at java.io.FileOutputStream.open(FileOutputStream.java:270)
	at java.io.FileOutputStream.<init>(FileOutputStream.java:213)
	at java.io.FileWriter.<init>(FileWriter.java:107)
	at com.companyname.projectname.testbase.TestBase.updateResult(TestBase.java:188)
	at com.companyname.projectname.testscripts.Test1.testReport1(Test1.java:17)
... Removed 24 stack frames]]>
    </failure>
  </testcase> <!-- testReport1 -->
  <testcase name="testReport2" time="0.002" classname="com.companyname.projectname.testscripts.Test1">
    <failure type="java.io.FileNotFoundException" message="C:\Users\Hitendrakumar\git\pageobjectmodel-seleniumFramework\src\test\java\com\companyname\projectname\report\TestHtmlReport.html (The system cannot find the path specified)">
      <![CDATA[java.io.FileNotFoundException: C:\Users\Hitendrakumar\git\pageobjectmodel-seleniumFramework\src\test\java\com\companyname\projectname\report\TestHtmlReport.html (The system cannot find the path specified)
	at java.io.FileOutputStream.open0(Native Method)
	at java.io.FileOutputStream.open(FileOutputStream.java:270)
	at java.io.FileOutputStream.<init>(FileOutputStream.java:213)
	at java.io.FileWriter.<init>(FileWriter.java:107)
	at com.companyname.projectname.testbase.TestBase.updateResult(TestBase.java:188)
	at com.companyname.projectname.testscripts.Test1.testReport2(Test1.java:29)
... Removed 24 stack frames]]>
    </failure>
  </testcase> <!-- testReport2 -->
  <testcase name="testReport3" time="0.002" classname="com.companyname.projectname.testscripts.Test1">
    <failure type="java.io.FileNotFoundException" message="C:\Users\Hitendrakumar\git\pageobjectmodel-seleniumFramework\src\test\java\com\companyname\projectname\report\TestHtmlReport.html (The system cannot find the path specified)">
      <![CDATA[java.io.FileNotFoundException: C:\Users\Hitendrakumar\git\pageobjectmodel-seleniumFramework\src\test\java\com\companyname\projectname\report\TestHtmlReport.html (The system cannot find the path specified)
	at java.io.FileOutputStream.open0(Native Method)
	at java.io.FileOutputStream.open(FileOutputStream.java:270)
	at java.io.FileOutputStream.<init>(FileOutputStream.java:213)
	at java.io.FileWriter.<init>(FileWriter.java:107)
	at com.companyname.projectname.testbase.TestBase.updateResult(TestBase.java:188)
	at com.companyname.projectname.testscripts.Test1.testReport3(Test1.java:45)
... Removed 24 stack frames]]>
    </failure>
  </testcase> <!-- testReport3 -->
  <testcase name="testReport4" time="0.002" classname="com.companyname.projectname.testscripts.Test1">
    <failure type="java.io.FileNotFoundException" message="C:\Users\Hitendrakumar\git\pageobjectmodel-seleniumFramework\src\test\java\com\companyname\projectname\report\TestHtmlReport.html (The system cannot find the path specified)">
      <![CDATA[java.io.FileNotFoundException: C:\Users\Hitendrakumar\git\pageobjectmodel-seleniumFramework\src\test\java\com\companyname\projectname\report\TestHtmlReport.html (The system cannot find the path specified)
	at java.io.FileOutputStream.open0(Native Method)
	at java.io.FileOutputStream.open(FileOutputStream.java:270)
	at java.io.FileOutputStream.<init>(FileOutputStream.java:213)
	at java.io.FileWriter.<init>(FileWriter.java:107)
	at com.companyname.projectname.testbase.TestBase.updateResult(TestBase.java:188)
	at com.companyname.projectname.testscripts.Test1.testReport4(Test1.java:59)
... Removed 24 stack frames]]>
    </failure>
  </testcase> <!-- testReport4 -->
</testsuite> <!-- RegistrationTest -->
